[28/05/2025  7:00:04,09] Inicio da tarefa agendada 
[28/05/2025  7:46:40,43] Fim da tarefa agendada 
[29/05/2025  7:00:03,18] Inicio da tarefa agendada 
[29/05/2025  7:40:04,35] Fim da tarefa agendada 
[30/05/2025  7:00:04,61] Inicio da tarefa agendada 
[30/05/2025  7:39:33,23] Fim da tarefa agendada 
[31/05/2025  7:00:04,74] Inicio da tarefa agendada 
[31/05/2025  7:42:37,67] Fim da tarefa agendada 
[03/06/2025  7:00:00,49] Inicio da tarefa agendada 
[03/06/2025  7:47:25,76] Fim da tarefa agendada 
[04/06/2025  7:00:02,71] Inicio da tarefa agendada 
[04/06/2025  8:02:58,31] Fim da tarefa agendada 
[05/06/2025  7:00:04,78] Inicio da tarefa agendada 
[05/06/2025  7:53:06,64] Fim da tarefa agendada 
[06/06/2025  7:00:06,21] Inicio da tarefa agendada 
[06/06/2025  7:45:33,15] Fim da tarefa agendada 
[07/06/2025  7:00:05,63] Inicio da tarefa agendada 
[07/06/2025  7:48:20,83] Fim da tarefa agendada 
[07/06/2025 14:00:02,45] Inicio da tarefa agendada 
[07/06/2025 14:44:59,97] Fim da tarefa agendada 
[08/06/2025  7:00:05,80] Inicio da tarefa agendada 
[08/06/2025  7:49:29,71] Fim da tarefa agendada 
[08/06/2025 14:00:04,31] Inicio da tarefa agendada 
[08/06/2025 14:51:16,38] Fim da tarefa agendada 
[09/06/2025  7:00:05,45] Inicio da tarefa agendada 
[09/06/2025  7:43:42,33] Fim da tarefa agendada 
[09/06/2025 14:00:33,39] Inicio da tarefa agendada 
[09/06/2025 15:25:52,20] Fim da tarefa agendada 
[10/06/2025  7:00:04,96] Inicio da tarefa agendada 
[10/06/2025  8:32:10,52] Fim da tarefa agendada 
[10/06/2025 14:00:04,67] Inicio da tarefa agendada 
[10/06/2025 15:12:36,06] Fim da tarefa agendada 
[11/06/2025  7:00:05,18] Inicio da tarefa agendada 
[11/06/2025  7:50:09,41] Fim da tarefa agendada 
[11/06/2025 14:00:04,86] Inicio da tarefa agendada 
[11/06/2025 15:08:34,77] Fim da tarefa agendada 
[12/06/2025 11:12:35,42] Inicio da tarefa agendada 
[12/06/2025 12:40:06,23] Fim da tarefa agendada 
[12/06/2025 14:00:15,07] Inicio da tarefa agendada 
[12/06/2025 14:00:30,66] Executado farmaciaindiana 
[12/06/2025 14:35:36,87] Executado hughes 
[12/06/2025 15:06:52,78] Fim da tarefa agendada 
[12/06/2025 16:05:18,80] Inicio da tarefa agendada 
[13/06/2025 12:31:04,71] Inicio da tarefa agendada 
[13/06/2025 12:31:07,25] Executado farmaciaindiana 
[13/06/2025 12:31:07,25] Executado hughes 
[13/06/2025 12:56:22,68] Fim da tarefa agendada 
[13/06/2025 14:00:13,91] Inicio da tarefa agendada 
[13/06/2025 14:00:20,42] Executado farmaciaindiana 
[13/06/2025 14:00:20,42] Executado hughes 
[13/06/2025 14:23:36,02] Fim da tarefa agendada 
[13/06/2025 14:52:44,87] Inicio da tarefa agendada 
[13/06/2025 14:52:49,34] Executado farmaciaindiana 
[13/06/2025 14:52:49,34] Executado hughes 
[13/06/2025 15:15:26,52] Fim da tarefa agendada 
[16/06/2025 14:00:12,26] Inicio da tarefa agendada 
[16/06/2025 14:00:14,74] Executado farmaciaindiana 
[16/06/2025 14:00:14,74] Executado hughes 
[16/06/2025 14:36:48,27] Fim da tarefa agendada 
[17/06/2025  7:01:27,66] Inicio da tarefa agendada 
[17/06/2025  7:01:46,14] Executado farmaciaindiana 
[17/06/2025  7:01:46,14] Executado hughes 
[17/06/2025  8:14:31,09] Fim da tarefa agendada 
[17/06/2025 14:00:14,66] Inicio da tarefa agendada 
[17/06/2025 14:00:17,49] Executado farmaciaindiana 
[17/06/2025 14:00:17,49] Executado hughes 
[17/06/2025 14:28:12,50] Fim da tarefa agendada 
